 -------------- Info (2021-12-27 11:48:16.8623) --------------
 
 Call Site: BinanceApp.Common.NLogLogger.Info
 Exception Type: 
 Exception Message: 
 Stack Trace: 
 Additional Info: Date: 27/12/2021 11:48:16 AM | Model Info: {"Email":"nguyenphu1312","OptionTime":1,"Expired":20211230121648} | Code: s+4uaWSqbmkV+HlQ0Iu9lI8ktuA5MNSLwO4iyIeN5a1iv2yiYo5wxYtxPKtMRe7MJgEOS/QMIEPioIHlof31BQ7BZWCHbHIT0f6/mlWuSZI=

 -------------- Info (2021-12-27 23:39:54.6213) --------------
 
 Call Site: BinanceApp.Common.NLogLogger.Info
 Exception Type: 
 Exception Message: 
 Stack Trace: 
 Additional Info: Date: 12/27/2021 11:39:54 PM | Model Info: {"Email":"nguyenphu1312","OptionTime":1,"Expired":1640885994} | Code: s+4uaWSqbmkV+HlQ0Iu9lI8ktuA5MNSLwO4iyIeN5a1iv2yiYo5wxYtxPKtMRe7MqBziYx7udGVMuHwm/0jueg==

 -------------- Info (2021-12-27 23:39:56.1942) --------------
 
 Call Site: BinanceApp.Common.NLogLogger.Info
 Exception Type: 
 Exception Message: 
 Stack Trace: 
 Additional Info: Date: 12/27/2021 11:39:56 PM | Copy Code: s+4uaWSqbmkV+HlQ0Iu9lI8ktuA5MNSLwO4iyIeN5a1iv2yiYo5wxYtxPKtMRe7MqBziYx7udGVMuHwm/0jueg==

 -------------- Info (2021-12-27 23:42:59.3144) --------------
 
 Call Site: BinanceApp.Common.NLogLogger.Info
 Exception Type: 
 Exception Message: 
 Stack Trace: 
 Additional Info: Date: 12/27/2021 11:42:59 PM | Model Info: {"Email":"nguyenphu1312","OptionTime":1,"Expired":1640886179} | Code: s+4uaWSqbmkV+HlQ0Iu9lI8ktuA5MNSLwO4iyIeN5a1iv2yiYo5wxYtxPKtMRe7MV4S54CGWZk7aqQAzcdw9hA==

 -------------- Info (2021-12-27 23:43:00.3992) --------------
 
 Call Site: BinanceApp.Common.NLogLogger.Info
 Exception Type: 
 Exception Message: 
 Stack Trace: 
 Additional Info: Date: 12/27/2021 11:43:00 PM | Copy Code: s+4uaWSqbmkV+HlQ0Iu9lI8ktuA5MNSLwO4iyIeN5a1iv2yiYo5wxYtxPKtMRe7MV4S54CGWZk7aqQAzcdw9hA==

 -------------- Info (2021-12-27 23:52:06.3497) --------------
 
 Call Site: BinanceApp.Common.NLogLogger.Info
 Exception Type: 
 Exception Message: 
 Stack Trace: 
 Additional Info: Date: 12/27/2021 11:52:06 PM | Model Info: {"Email":"nguyenphu1312","OptionTime":1,"Expired":1640886726} | Code: s+4uaWSqbmkV+HlQ0Iu9lI8ktuA5MNSLwO4iyIeN5a1iv2yiYo5wxYtxPKtMRe7M+YRdROC08Ikg+Mxh/Fg82g==

 -------------- Info (2021-12-27 23:52:07.3118) --------------
 
 Call Site: BinanceApp.Common.NLogLogger.Info
 Exception Type: 
 Exception Message: 
 Stack Trace: 
 Additional Info: Date: 12/27/2021 11:52:07 PM | Copy Code: s+4uaWSqbmkV+HlQ0Iu9lI8ktuA5MNSLwO4iyIeN5a1iv2yiYo5wxYtxPKtMRe7M+YRdROC08Ikg+Mxh/Fg82g==

