 -------------- Error (2022-01-25 17:24:26.6115) --------------
 
 Call Site: BinanceApp.Common.NLogLogger.ErrorMessage
 Exception Type: 
 Exception Message: 
 Stack Trace: 
 Additional Info: :	
	AuthResponse:Exchange: The remote server returned an error: (400) Bad Request. The remote server returned an error: (400) Bad Request.
   at System.Net.HttpWebRequest.GetResponse()
   at BinanceApp.Common.AuthResponse.Exchange(String authCode, String clientid, String secret, String redirectURI) in D:\SourceCode\BinanceApp\BinanceApp.Common\AuthResponse.cs:line 88 Line: 0

 -------------- Error (2022-01-25 21:19:00.7884) --------------
 
 Call Site: BinanceApp.Common.NLogLogger.ErrorMessage
 Exception Type: 
 Exception Message: 
 Stack Trace: 
 Additional Info: :	
	AuthResponse:Exchange: The remote server returned an error: (400) Bad Request. The remote server returned an error: (400) Bad Request.
   at System.Net.HttpWebRequest.GetResponse()
   at BinanceApp.Common.AuthResponse.Exchange(String authCode, String clientid, String secret, String redirectURI) in D:\Data\BinanceApp\BinanceApp.Common\AuthResponse.cs:line 88 Line: 0

 -------------- Error (2022-01-25 21:19:01.2246) --------------
 
 Call Site: BinanceApp.Common.NLogLogger.ErrorMessage
 Exception Type: 
 Exception Message: 
 Stack Trace: 
 Additional Info: :	
	AuthResponse:Exchange: The remote server returned an error: (400) Bad Request. The remote server returned an error: (400) Bad Request.
   at System.Net.HttpWebRequest.GetResponse()
   at BinanceApp.Common.AuthResponse.Exchange(String authCode, String clientid, String secret, String redirectURI) in D:\Data\BinanceApp\BinanceApp.Common\AuthResponse.cs:line 88 Line: 0

