 -------------- Info (2021-12-27 11:48:16.8623) --------------
 
 Call Site: BinanceApp.Common.NLogLogger.Info
 Exception Type: 
 Exception Message: 
 Stack Trace: 
 Additional Info: Date: 27/12/2021 11:48:16 AM | Model Info: {"Email":"nguyenphu1312","OptionTime":1,"Expired":20211230121648} | Code: s+4uaWSqbmkV+HlQ0Iu9lI8ktuA5MNSLwO4iyIeN5a1iv2yiYo5wxYtxPKtMRe7MJgEOS/QMIEPioIHlof31BQ7BZWCHbHIT0f6/mlWuSZI=

 -------------- Info (2021-12-27 23:39:54.6213) --------------
 
 Call Site: BinanceApp.Common.NLogLogger.Info
 Exception Type: 
 Exception Message: 
 Stack Trace: 
 Additional Info: Date: 12/27/2021 11:39:54 PM | Model Info: {"Email":"nguyenphu1312","OptionTime":1,"Expired":1640885994} | Code: s+4uaWSqbmkV+HlQ0Iu9lI8ktuA5MNSLwO4iyIeN5a1iv2yiYo5wxYtxPKtMRe7MqBziYx7udGVMuHwm/0jueg==

 -------------- Info (2021-12-27 23:39:56.1942) --------------
 
 Call Site: BinanceApp.Common.NLogLogger.Info
 Exception Type: 
 Exception Message: 
 Stack Trace: 
 Additional Info: Date: 12/27/2021 11:39:56 PM | Copy Code: s+4uaWSqbmkV+HlQ0Iu9lI8ktuA5MNSLwO4iyIeN5a1iv2yiYo5wxYtxPKtMRe7MqBziYx7udGVMuHwm/0jueg==

 -------------- Info (2021-12-27 23:42:59.3144) --------------
 
 Call Site: BinanceApp.Common.NLogLogger.Info
 Exception Type: 
 Exception Message: 
 Stack Trace: 
 Additional Info: Date: 12/27/2021 11:42:59 PM | Model Info: {"Email":"nguyenphu1312","OptionTime":1,"Expired":1640886179} | Code: s+4uaWSqbmkV+HlQ0Iu9lI8ktuA5MNSLwO4iyIeN5a1iv2yiYo5wxYtxPKtMRe7MV4S54CGWZk7aqQAzcdw9hA==

 -------------- Info (2021-12-27 23:43:00.3992) --------------
 
 Call Site: BinanceApp.Common.NLogLogger.Info
 Exception Type: 
 Exception Message: 
 Stack Trace: 
 Additional Info: Date: 12/27/2021 11:43:00 PM | Copy Code: s+4uaWSqbmkV+HlQ0Iu9lI8ktuA5MNSLwO4iyIeN5a1iv2yiYo5wxYtxPKtMRe7MV4S54CGWZk7aqQAzcdw9hA==

 -------------- Info (2021-12-27 23:52:06.3497) --------------
 
 Call Site: BinanceApp.Common.NLogLogger.Info
 Exception Type: 
 Exception Message: 
 Stack Trace: 
 Additional Info: Date: 12/27/2021 11:52:06 PM | Model Info: {"Email":"nguyenphu1312","OptionTime":1,"Expired":1640886726} | Code: s+4uaWSqbmkV+HlQ0Iu9lI8ktuA5MNSLwO4iyIeN5a1iv2yiYo5wxYtxPKtMRe7M+YRdROC08Ikg+Mxh/Fg82g==

 -------------- Info (2021-12-27 23:52:07.3118) --------------
 
 Call Site: BinanceApp.Common.NLogLogger.Info
 Exception Type: 
 Exception Message: 
 Stack Trace: 
 Additional Info: Date: 12/27/2021 11:52:07 PM | Copy Code: s+4uaWSqbmkV+HlQ0Iu9lI8ktuA5MNSLwO4iyIeN5a1iv2yiYo5wxYtxPKtMRe7M+YRdROC08Ikg+Mxh/Fg82g==

 -------------- Info (2021-12-30 23:12:13.8654) --------------
 
 Call Site: BinanceApp.Common.NLogLogger.Info
 Exception Type: 
 Exception Message: 
 Stack Trace: 
 Additional Info: Date: 12/30/2021 11:12:13 PM | Model Info: {"Email":"nguyenphu1312","OptionTime":1,"Expired":1641143533} | Code: s+4uaWSqbmkV+HlQ0Iu9lI8ktuA5MNSLwO4iyIeN5a1iv2yiYo5wxYtxPKtMRe7MWajxvzAaLNfRQVTgWboylg==

 -------------- Info (2021-12-30 23:12:15.0925) --------------
 
 Call Site: BinanceApp.Common.NLogLogger.Info
 Exception Type: 
 Exception Message: 
 Stack Trace: 
 Additional Info: Date: 12/30/2021 11:12:15 PM | Copy Code: s+4uaWSqbmkV+HlQ0Iu9lI8ktuA5MNSLwO4iyIeN5a1iv2yiYo5wxYtxPKtMRe7MWajxvzAaLNfRQVTgWboylg==

 -------------- Info (2022-01-02 17:14:10.7016) --------------
 
 Call Site: BinanceApp.Common.NLogLogger.Info
 Exception Type: 
 Exception Message: 
 Stack Trace: 
 Additional Info: Date: 1/2/2022 5:14:10 PM | Model Info: {"Email":"nguyenphu1312","OptionTime":1,"Level":1,"Expired":1641381250} | Code: s+4uaWSqbmkV+HlQ0Iu9lI8ktuA5MNSLwO4iyIeN5a2BQn1ONnAAGTrHqQlY6nZUfRyIAUHDPvHWAyn/cNJsCgsqbohE9rE06ZPcnyFxeYs=

 -------------- Info (2022-01-02 17:14:11.7915) --------------
 
 Call Site: BinanceApp.Common.NLogLogger.Info
 Exception Type: 
 Exception Message: 
 Stack Trace: 
 Additional Info: Date: 1/2/2022 5:14:11 PM | Copy Code: s+4uaWSqbmkV+HlQ0Iu9lI8ktuA5MNSLwO4iyIeN5a2BQn1ONnAAGTrHqQlY6nZUfRyIAUHDPvHWAyn/cNJsCgsqbohE9rE06ZPcnyFxeYs=

 -------------- Info (2022-01-05 21:53:40.6009) --------------
 
 Call Site: BinanceApp.Common.NLogLogger.Info
 Exception Type: 
 Exception Message: 
 Stack Trace: 
 Additional Info: Date: 1/5/2022 9:53:40 PM | Model Info: {"Email":"nguyenphu1312","OptionTime":1,"Level":1,"Expired":1641657220} | Code: s+4uaWSqbmkV+HlQ0Iu9lI8ktuA5MNSLwO4iyIeN5a2BQn1ONnAAGTrHqQlY6nZUfRyIAUHDPvHWAyn/cNJsCnwqSSacIBVhTi+fhOQYRrs=

 -------------- Info (2022-01-05 21:53:41.7769) --------------
 
 Call Site: BinanceApp.Common.NLogLogger.Info
 Exception Type: 
 Exception Message: 
 Stack Trace: 
 Additional Info: Date: 1/5/2022 9:53:41 PM | Copy Code: s+4uaWSqbmkV+HlQ0Iu9lI8ktuA5MNSLwO4iyIeN5a2BQn1ONnAAGTrHqQlY6nZUfRyIAUHDPvHWAyn/cNJsCnwqSSacIBVhTi+fhOQYRrs=

 -------------- Info (2022-01-11 23:13:47.8933) --------------
 
 Call Site: BinanceApp.Common.NLogLogger.Info
 Exception Type: 
 Exception Message: 
 Stack Trace: 
 Additional Info: Date: 1/11/2022 11:13:47 PM | Model Info: {"Email":"nguyenphu1312","OptionTime":2,"Level":1,"Expired":1644599627} | Code: s+4uaWSqbmkV+HlQ0Iu9lI8ktuA5MNSLwO4iyIeN5a0UUhOCHY2tnRZUSk+chTx2e5tfS1n5cN9CXltPUP9wA/WTL9mMw52uuvWP3sTo4DA=

 -------------- Info (2022-01-11 23:13:48.9786) --------------
 
 Call Site: BinanceApp.Common.NLogLogger.Info
 Exception Type: 
 Exception Message: 
 Stack Trace: 
 Additional Info: Date: 1/11/2022 11:13:48 PM | Copy Code: s+4uaWSqbmkV+HlQ0Iu9lI8ktuA5MNSLwO4iyIeN5a0UUhOCHY2tnRZUSk+chTx2e5tfS1n5cN9CXltPUP9wA/WTL9mMw52uuvWP3sTo4DA=

 -------------- Info (2022-01-19 22:26:02.6267) --------------
 
 Call Site: BinanceApp.Common.NLogLogger.Info
 Exception Type: 
 Exception Message: 
 Stack Trace: 
 Additional Info: Date: 1/19/2022 10:26:02 PM | Model Info: {"Email":"tiasangbac04","OptionTime":2,"Level":1,"Expired":1645287962} | Code: RQOWsHm43Esmfp3846LXtI1JH/RjH2Q7hMXa+9EIqo0ZFUrsI1CbqPRsKJkUPRwdCSK6yPv/N8gyAIvCUaPN10zsqdIDwyJdssL6/a3sjJw=

 -------------- Info (2022-01-19 22:26:03.9759) --------------
 
 Call Site: BinanceApp.Common.NLogLogger.Info
 Exception Type: 
 Exception Message: 
 Stack Trace: 
 Additional Info: Date: 1/19/2022 10:26:03 PM | Copy Code: RQOWsHm43Esmfp3846LXtI1JH/RjH2Q7hMXa+9EIqo0ZFUrsI1CbqPRsKJkUPRwdCSK6yPv/N8gyAIvCUaPN10zsqdIDwyJdssL6/a3sjJw=

 -------------- Info (2022-01-20 20:55:23.8171) --------------
 
 Call Site: BinanceApp.Common.NLogLogger.Info
 Exception Type: 
 Exception Message: 
 Stack Trace: 
 Additional Info: Date: 1/20/2022 8:55:23 PM | Model Info: {"Email":"tiasangbac04","OptionTime":2,"Level":1,"Expired":1645368923} | Code: RQOWsHm43Esmfp3846LXtI1JH/RjH2Q7hMXa+9EIqo0ZFUrsI1CbqPRsKJkUPRwdHvlQbnUNgZZJP7rzYeUnXowR0HJrGMbC/ahLo8TP+Zk=

 -------------- Info (2022-01-20 20:55:24.6783) --------------
 
 Call Site: BinanceApp.Common.NLogLogger.Info
 Exception Type: 
 Exception Message: 
 Stack Trace: 
 Additional Info: Date: 1/20/2022 8:55:24 PM | Copy Code: RQOWsHm43Esmfp3846LXtI1JH/RjH2Q7hMXa+9EIqo0ZFUrsI1CbqPRsKJkUPRwdHvlQbnUNgZZJP7rzYeUnXowR0HJrGMbC/ahLo8TP+Zk=

